Vivado Simulator 2018.2
Copyright 1986-1999, 2001-2018 Xilinx, Inc. All Rights Reserved.
Running: D:/Vivado/Vivado/2018.2/bin/unwrapped/win64.o/xelab.exe -wto a782599f68554ea298c90a18e49242d0 --incr --debug typical --relax --mt 2 -L dist_mem_gen_v8_0_12 -L xil_defaultlib -L unisims_ver -L unimacro_ver -L secureip -L xpm --snapshot MiniMIPS32_SYS_tb_behav xil_defaultlib.MiniMIPS32_SYS_tb xil_defaultlib.glbl -log elaborate.log 
Using 2 slave threads.
Starting static elaboration
Completed static elaboration
Starting simulation data flow analysis
Completed simulation data flow analysis
Time Resolution for simulation is 1ps
Compiling module xil_defaultlib.big2little
Compiling module xil_defaultlib.PC_trigger
Compiling module xil_defaultlib.fulladder
Compiling module xil_defaultlib.rca(N=32)
Compiling module xil_defaultlib.alu(N=32)
Compiling module xil_defaultlib.reg_file_32
Compiling module xil_defaultlib.control_unit
Compiling module xil_defaultlib.mux_2(N=5)
Compiling module xil_defaultlib.sign_extend_32
Compiling module xil_defaultlib.mux_2(N=32)
Compiling module xil_defaultlib.MiniMIPS32
Compiling module dist_mem_gen_v8_0_12.dist_mem_gen_v8_0_12(C_FAMILY="a...
Compiling module xil_defaultlib.inst_rom
Compiling module dist_mem_gen_v8_0_12.dist_mem_gen_v8_0_12(C_FAMILY="a...
Compiling module xil_defaultlib.data_ram
Compiling module xil_defaultlib.MiniMIPS32_SYS
Compiling module xil_defaultlib.MiniMIPS32_SYS_tb
Compiling module xil_defaultlib.glbl
Built simulation snapshot MiniMIPS32_SYS_tb_behav
